2025-06-15 01:18:05,169 - INFO - Starting training for RandomForestModel on filtered_features
2025-06-15 01:18:05,219 - INFO - Loaded dataset with 7515 samples and 52 features
2025-06-15 01:18:05,219 - INFO - Feature columns: ['mfcc_0_mean', 'mfcc_1_mean', 'mfcc_2_mean', 'mfcc_3_mean', 'mfcc_4_mean', 'mfcc_5_mean', 'mfcc_6_mean', 'mfcc_7_mean', 'mfcc_8_mean', 'mfcc_9_mean', 'mfcc_10_mean', 'mfcc_11_mean', 'mfcc_12_mean', 'mfcc_0_std', 'mfcc_1_std', 'mfcc_2_std', 'mfcc_3_std', 'mfcc_4_std', 'mfcc_5_std', 'mfcc_6_std', 'mfcc_7_std', 'mfcc_8_std', 'mfcc_9_std', 'mfcc_10_std', 'mfcc_11_std', 'mfcc_12_std', 'mfcc_0_min', 'mfcc_1_min', 'mfcc_2_min', 'mfcc_3_min', 'mfcc_4_min', 'mfcc_5_min', 'mfcc_6_min', 'mfcc_7_min', 'mfcc_8_min', 'mfcc_9_min', 'mfcc_10_min', 'mfcc_11_min', 'mfcc_12_min', 'mfcc_0_max', 'mfcc_1_max', 'mfcc_2_max', 'mfcc_3_max', 'mfcc_4_max', 'mfcc_5_max', 'mfcc_6_max', 'mfcc_7_max', 'mfcc_8_max', 'mfcc_9_max', 'mfcc_10_max', 'mfcc_11_max', 'mfcc_12_max']
2025-06-15 01:18:05,220 - INFO - Classes: ['calqua' 'comwax' 'houfin']
2025-06-15 01:18:05,220 - INFO - Number of unique source files: 794
2025-06-15 01:18:05,237 - INFO - 
Processing fold 1/5
2025-06-15 01:18:05,237 - INFO - Train set: 6010 samples from 635 files
2025-06-15 01:18:05,237 - INFO - Test set: 1505 samples from 159 files
2025-06-15 01:18:05,853 - ERROR - Error during model training: Found array with 0 sample(s) (shape=(0, 52)) while a minimum of 1 is required by RandomForestClassifier.
2025-06-15 01:18:05,853 - ERROR - Error training ModelType.RANDOM_FOREST on DatasetType.MY_AUDIO: Found array with 0 sample(s) (shape=(0, 52)) while a minimum of 1 is required by RandomForestClassifier.
2025-06-15 01:18:05,855 - INFO - Starting training for SVCModel on filtered_features
2025-06-15 01:18:05,919 - INFO - Loaded dataset with 7515 samples and 52 features
2025-06-15 01:18:05,919 - INFO - Feature columns: ['mfcc_0_mean', 'mfcc_1_mean', 'mfcc_2_mean', 'mfcc_3_mean', 'mfcc_4_mean', 'mfcc_5_mean', 'mfcc_6_mean', 'mfcc_7_mean', 'mfcc_8_mean', 'mfcc_9_mean', 'mfcc_10_mean', 'mfcc_11_mean', 'mfcc_12_mean', 'mfcc_0_std', 'mfcc_1_std', 'mfcc_2_std', 'mfcc_3_std', 'mfcc_4_std', 'mfcc_5_std', 'mfcc_6_std', 'mfcc_7_std', 'mfcc_8_std', 'mfcc_9_std', 'mfcc_10_std', 'mfcc_11_std', 'mfcc_12_std', 'mfcc_0_min', 'mfcc_1_min', 'mfcc_2_min', 'mfcc_3_min', 'mfcc_4_min', 'mfcc_5_min', 'mfcc_6_min', 'mfcc_7_min', 'mfcc_8_min', 'mfcc_9_min', 'mfcc_10_min', 'mfcc_11_min', 'mfcc_12_min', 'mfcc_0_max', 'mfcc_1_max', 'mfcc_2_max', 'mfcc_3_max', 'mfcc_4_max', 'mfcc_5_max', 'mfcc_6_max', 'mfcc_7_max', 'mfcc_8_max', 'mfcc_9_max', 'mfcc_10_max', 'mfcc_11_max', 'mfcc_12_max']
2025-06-15 01:18:05,919 - INFO - Classes: ['calqua' 'comwax' 'houfin']
2025-06-15 01:18:05,920 - INFO - Number of unique source files: 794
2025-06-15 01:18:05,937 - INFO - 
Processing fold 1/5
2025-06-15 01:18:05,937 - INFO - Train set: 6010 samples from 635 files
2025-06-15 01:18:05,937 - INFO - Test set: 1505 samples from 159 files
2025-06-15 01:18:05,977 - ERROR - Error during model training: Found array with 0 sample(s) (shape=(0, 52)) while a minimum of 1 is required by SVC.
2025-06-15 01:18:05,977 - ERROR - Error training ModelType.SVM on DatasetType.MY_AUDIO: Found array with 0 sample(s) (shape=(0, 52)) while a minimum of 1 is required by SVC.
2025-06-15 01:18:05,979 - INFO - Starting training for XGBoostModel on filtered_features
2025-06-15 01:18:06,032 - INFO - Loaded dataset with 7515 samples and 52 features
2025-06-15 01:18:06,032 - INFO - Feature columns: ['mfcc_0_mean', 'mfcc_1_mean', 'mfcc_2_mean', 'mfcc_3_mean', 'mfcc_4_mean', 'mfcc_5_mean', 'mfcc_6_mean', 'mfcc_7_mean', 'mfcc_8_mean', 'mfcc_9_mean', 'mfcc_10_mean', 'mfcc_11_mean', 'mfcc_12_mean', 'mfcc_0_std', 'mfcc_1_std', 'mfcc_2_std', 'mfcc_3_std', 'mfcc_4_std', 'mfcc_5_std', 'mfcc_6_std', 'mfcc_7_std', 'mfcc_8_std', 'mfcc_9_std', 'mfcc_10_std', 'mfcc_11_std', 'mfcc_12_std', 'mfcc_0_min', 'mfcc_1_min', 'mfcc_2_min', 'mfcc_3_min', 'mfcc_4_min', 'mfcc_5_min', 'mfcc_6_min', 'mfcc_7_min', 'mfcc_8_min', 'mfcc_9_min', 'mfcc_10_min', 'mfcc_11_min', 'mfcc_12_min', 'mfcc_0_max', 'mfcc_1_max', 'mfcc_2_max', 'mfcc_3_max', 'mfcc_4_max', 'mfcc_5_max', 'mfcc_6_max', 'mfcc_7_max', 'mfcc_8_max', 'mfcc_9_max', 'mfcc_10_max', 'mfcc_11_max', 'mfcc_12_max']
2025-06-15 01:18:06,032 - INFO - Classes: ['calqua' 'comwax' 'houfin']
2025-06-15 01:18:06,033 - INFO - Number of unique source files: 794
2025-06-15 01:18:06,049 - INFO - 
Processing fold 1/5
2025-06-15 01:18:06,049 - INFO - Train set: 6010 samples from 635 files
2025-06-15 01:18:06,049 - INFO - Test set: 1505 samples from 159 files
2025-06-15 01:18:06,114 - ERROR - Error during model training: [01:18:06] C:\actions-runner\_work\xgboost\xgboost\src\objective\./regression_loss.h:69: Check failed: base_score > 0.0f && base_score < 1.0f: base_score must be in (0,1) for logistic loss, got: 0
2025-06-15 01:18:06,114 - ERROR - Error training ModelType.XGBOOST on DatasetType.MY_AUDIO: [01:18:06] C:\actions-runner\_work\xgboost\xgboost\src\objective\./regression_loss.h:69: Check failed: base_score > 0.0f && base_score < 1.0f: base_score must be in (0,1) for logistic loss, got: 0
